Arguments: 
  /usr/local/bin/node /usr/local/bin/yarn

PATH: 
  /usr/local/bin:/usr/bin:/bin:/usr/sbin:/sbin:/Applications/VMware Fusion.app/Contents/Public:/usr/local/go/bin:/usr/local/share/dotnet:~/.dotnet/tools:/Library/Frameworks/Mono.framework/Versions/Current/Commands

Yarn version: 
  1.22.4

Node version: 
  12.18.3

Platform: 
  darwin x64

Trace: 
  Error: https://registry.npm.taobao.org/webapck: Not found
      at Request.params.callback [as _callback] (/usr/local/lib/node_modules/yarn/lib/cli.js:66987:18)
      at Request.self.callback (/usr/local/lib/node_modules/yarn/lib/cli.js:140748:22)
      at Request.emit (events.js:315:20)
      at Request.<anonymous> (/usr/local/lib/node_modules/yarn/lib/cli.js:141720:10)
      at Request.emit (events.js:315:20)
      at IncomingMessage.<anonymous> (/usr/local/lib/node_modules/yarn/lib/cli.js:141642:12)
      at Object.onceWrapper (events.js:421:28)
      at IncomingMessage.emit (events.js:327:22)
      at endReadableNT (_stream_readable.js:1220:12)
      at processTicksAndRejections (internal/process/task_queues.js:84:21)

npm manifest: 
  {
    "name": "vue2.0-rewrite",
    "version": "1.0.0",
    "description": "vue-study-2.0 rewrite",
    "main": "index.js",
    "scripts": {
      "test": "echo \"Error: no test specified\" && exit 1"
    },
    "repository": {
      "type": "git",
      "url": "git+https://github.com/wxGoldking/vue2.0-rewrite.git"
    },
    "author": "",
    "license": "ISC",
    "bugs": {
      "url": "https://github.com/wxGoldking/vue2.0-rewrite/issues"
    },
    "homepage": "https://github.com/wxGoldking/vue2.0-rewrite#readme",
    "dependencies": {
      "webapck": "4.44.1",
      "webpack-cli": "3.3.12",
      "webpack-dev-server": "3.11.0"
    }
  }

yarn manifest: 
  No manifest

Lockfile: 
  No lockfile
